#
# A fatal error has been detected by the Java Runtime Environment:
#
#  EXCEPTION_ACCESS_VIOLATION (0xc0000005) at pc=0x0000000070137273, pid=7000, tid=0x00000000000018b4
#
# JRE version: Java(TM) SE Runtime Environment (8.0_111-b14) (build 1.8.0_111-b14)
# Java VM: Java HotSpot(TM) 64-Bit Server VM (25.111-b14 mixed mode windows-amd64 compressed oops)
# Problematic frame:
# V  [jvm.dll+0x217273]
#
# Failed to write core dump. Minidumps are not enabled by default on client versions of Windows
#
# If you would like to submit a bug report, please visit:
#   http://bugreport.java.com/bugreport/crash.jsp
#

---------------  T H R E A D  ---------------

Current thread (0x00000000165a2000):  JavaThread "JDWP Event Helper Thread" daemon [_thread_in_vm, id=6324, stack(0x0000000016e80000,0x0000000016f80000)]

siginfo: ExceptionCode=0xc0000005, reading address 0x0000000000003358

Registers:
RAX=0x0000000000003300, RBX=0x0000000000003300, RCX=0x0000000000000000, RDX=0x0000000027d38c90
RSP=0x0000000016f7f3c0, RBP=0x0000000000000000, RSI=0x0000000017ef4000, RDI=0x0000000027d38c90
R8 =0x0000000000003300, R9 =0x00000000165a2000, R10=0x0000000000000000, R11=0x0000000000000000
R12=0x0000000000000009, R13=0x0000000000000022, R14=0x000000001d553380, R15=0x0000000001e7c6b0
RIP=0x0000000070137273, EFLAGS=0x0000000000010206

Top of Stack: (sp=0x0000000016f7f3c0)
0x0000000016f7f3c0:   00000000165a2000 0000000027d38c90
0x0000000016f7f3d0:   000000001f30c8e0 0000000000000000
0x0000000016f7f3e0:   0000000000000009 00000000700c60e2
0x0000000016f7f3f0:   0000000027d38c90 000000001f30c8e0
0x0000000016f7f400:   0000000017ef4000 0000000025d918d8
0x0000000016f7f410:   00000000c0020450 00000000700c56c6
0x0000000016f7f420:   0000000000000004 00000000502228e9
0x0000000016f7f430:   0000000000000025 000000007019b684
0x0000000016f7f440:   0000000000000000 000000005022baf0
0x0000000016f7f450:   000000001d553380 0000000000000022
0x0000000016f7f460:   0000000001e7c6b0 000000007025489c
0x0000000016f7f470:   00000000165a2000 000000001f30c8e0
0x0000000016f7f480:   000000001d553380 000000005021c6ac
0x0000000016f7f490:   00000000165a2000 0000000000000000
0x0000000016f7f4a0:   0000000000000000 0000000000000000
0x0000000016f7f4b0:   000000001d553250 000000005021e258 

Instructions: (pc=0x0000000070137273)
0x0000000070137253:   79 60 00 00 4c 8b 1f 49 f7 c3 fe ff ff ff 74 32
0x0000000070137263:   41 f6 c3 01 74 89 eb 2a 48 83 e3 fe 48 89 5f 10
0x0000000070137273:   48 8b 43 58 48 89 47 10 48 89 5f 18 e8 4c 60 00
0x0000000070137283:   00 4c 8b 1f 41 f6 c3 01 75 08 48 8b cb e8 1b 17 


Register to memory mapping:

RAX=0x0000000000003300 is an unknown value
RBX=0x0000000000003300 is an unknown value
RCX=0x0000000000000000 is an unknown value
RDX=0x0000000027d38c90 is an unknown value
RSP=0x0000000016f7f3c0 is pointing into the stack for thread: 0x00000000165a2000
RBP=0x0000000000000000 is an unknown value
RSI=0x0000000017ef4000 is an unknown value
RDI=0x0000000027d38c90 is an unknown value
R8 =0x0000000000003300 is an unknown value
R9 =0x00000000165a2000 is a thread
R10=0x0000000000000000 is an unknown value
R11=0x0000000000000000 is an unknown value
R12=0x0000000000000009 is an unknown value
R13=0x0000000000000022 is an unknown value
R14=0x000000001d553380 is an unknown value
R15=0x0000000001e7c6b0 is an unknown value


Stack: [0x0000000016e80000,0x0000000016f80000],  sp=0x0000000016f7f3c0,  free space=1020k
Native frames: (J=compiled Java code, j=interpreted, Vv=VM code, C=native code)


---------------  P R O C E S S  ---------------

Java Threads: ( => current thread )
  0x0000000018ba2800 JavaThread "application-akka.actor.default-dispatcher-9" [_thread_blocked, id=2288, stack(0x000000002ae40000,0x000000002af40000)]
  0x000000002881a000 JavaThread "application-akka.actor.default-dispatcher-8" [_thread_blocked, id=6888, stack(0x000000002c6b0000,0x000000002c7b0000)]
  0x000000001c396000 JavaThread "application-akka.actor.default-dispatcher-7" [_thread_blocked, id=7448, stack(0x000000002c440000,0x000000002c540000)]
  0x000000001c397800 JavaThread "application-akka.actor.default-dispatcher-6" [_thread_blocked, id=8932, stack(0x000000002bc80000,0x000000002bd80000)]
  0x000000001c97f000 JavaThread "application-akka.actor.default-dispatcher-5" [_thread_blocked, id=8916, stack(0x000000002afb0000,0x000000002b0b0000)]
  0x000000001c978000 JavaThread "application-akka.actor.default-dispatcher-4" [_thread_blocked, id=6268, stack(0x0000000023e80000,0x0000000023f80000)]
  0x000000001c97c000 JavaThread "application-akka.actor.default-dispatcher-3" [_thread_blocked, id=8772, stack(0x000000002a970000,0x000000002aa70000)]
  0x000000001c97e000 JavaThread "application-akka.actor.default-dispatcher-2" [_thread_blocked, id=8972, stack(0x000000002aa90000,0x000000002ab90000)]
  0x0000000017ed4800 JavaThread "application-scheduler-1" [_thread_blocked, id=6932, stack(0x00000000235f0000,0x00000000236f0000)]
  0x0000000017ef1800 JavaThread "HikariPool-3 housekeeper" daemon [_thread_blocked, id=4500, stack(0x0000000026c40000,0x0000000026d40000)]
  0x0000000017ef2800 JavaThread "net.sf.ehcache.CacheManager@6cbd6a10" daemon [_thread_blocked, id=3676, stack(0x0000000022e60000,0x0000000022f60000)]
  0x0000000017ef4800 JavaThread "AsyncAppender-Worker-ASYNCSTDOUT" daemon [_thread_blocked, id=6992, stack(0x000000001e4d0000,0x000000001e5d0000)]
  0x0000000017ef3000 JavaThread "AsyncAppender-Worker-ASYNCFILE" daemon [_thread_blocked, id=5236, stack(0x00000000219b0000,0x0000000021ab0000)]
  0x000000001c395000 JavaThread "netty-event-loop-1" [_thread_in_native, id=6828, stack(0x000000002c580000,0x000000002c680000)]
  0x000000001c97b000 JavaThread "netty-event-loop-8" [_thread_in_native, id=6412, stack(0x000000002acc0000,0x000000002adc0000)]
  0x000000001c97a800 JavaThread "netty-event-loop-7" [_thread_in_native, id=5432, stack(0x000000002b730000,0x000000002b830000)]
  0x000000001c979800 JavaThread "netty-event-loop-6" [_thread_in_native, id=4900, stack(0x000000002b5e0000,0x000000002b6e0000)]
  0x0000000018b9c800 JavaThread "netty-event-loop-5" [_thread_in_native, id=7516, stack(0x000000002b3f0000,0x000000002b4f0000)]
  0x0000000017ef0000 JavaThread "netty-event-loop-4" [_thread_in_native, id=7236, stack(0x0000000023720000,0x0000000023820000)]
  0x0000000017eef800 JavaThread "netty-event-loop-3" [_thread_in_native, id=4728, stack(0x0000000022460000,0x0000000022560000)]
  0x0000000017eee800 JavaThread "netty-event-loop-2" [_thread_in_native, id=6516, stack(0x0000000022910000,0x0000000022a10000)]
  0x000000001c39c000 JavaThread "play-dev-mode-akka.actor.default-dispatcher-4" [_thread_blocked, id=8012, stack(0x0000000022d00000,0x0000000022e00000)]
  0x000000001c399800 JavaThread "play-dev-mode-scheduler-1" [_thread_blocked, id=2252, stack(0x00000000225e0000,0x00000000226e0000)]
  0x000000001c399000 JavaThread "sbt-play-watch-service" daemon [_thread_blocked, id=1188, stack(0x0000000021680000,0x0000000021780000)]
  0x000000001c398000 JavaThread "Thread-1" daemon [_thread_in_native, id=7540, stack(0x0000000021f50000,0x0000000022050000)]
  0x000000001c396800 JavaThread "pool-4-thread-5" [_thread_in_native, id=3184, stack(0x0000000017400000,0x0000000017500000)]
  0x0000000018b9f800 JavaThread "sbt-web-akka.actor.default-dispatcher-3" [_thread_blocked, id=6416, stack(0x0000000020ab0000,0x0000000020bb0000)]
  0x0000000018b9e800 JavaThread "sbt-web-scheduler-1" [_thread_blocked, id=7792, stack(0x000000001a820000,0x000000001a920000)]
  0x00000000165be800 JavaThread "Service Thread" daemon [_thread_blocked, id=4796, stack(0x0000000017570000,0x0000000017670000)]
  0x00000000165b4000 JavaThread "C1 CompilerThread2" daemon [_thread_blocked, id=6824, stack(0x0000000016fb0000,0x00000000170b0000)]
  0x00000000165b7800 JavaThread "C2 CompilerThread1" daemon [_thread_blocked, id=3032, stack(0x00000000172f0000,0x00000000173f0000)]
  0x00000000165bc000 JavaThread "C2 CompilerThread0" daemon [_thread_blocked, id=7480, stack(0x0000000016990000,0x0000000016a90000)]
  0x00000000165a3800 JavaThread "JDWP Command Reader" daemon [_thread_in_native, id=7788, stack(0x00000000170e0000,0x00000000171e0000)]
=>0x00000000165a2000 JavaThread "JDWP Event Helper Thread" daemon [_thread_in_vm, id=6324, stack(0x0000000016e80000,0x0000000016f80000)]
  0x000000001659b000 JavaThread "JDWP Transport Listener: dt_socket" daemon [_thread_blocked, id=5980, stack(0x0000000016340000,0x0000000016440000)]
  0x0000000016590800 JavaThread "Attach Listener" daemon [_thread_blocked, id=8180, stack(0x0000000016cc0000,0x0000000016dc0000)]
  0x0000000015438800 JavaThread "Signal Dispatcher" daemon [_thread_blocked, id=1392, stack(0x0000000016b20000,0x0000000016c20000)]
  0x000000001541c800 JavaThread "Finalizer" daemon [_thread_blocked, id=7668, stack(0x0000000016490000,0x0000000016590000)]
  0x00000000153d5800 JavaThread "Reference Handler" daemon [_thread_blocked, id=5904, stack(0x0000000016130000,0x0000000016230000)]
  0x000000000226b800 JavaThread "main" [_thread_blocked, id=3544, stack(0x00000000025f0000,0x00000000026f0000)]

Other Threads:
  0x00000000153ce000 VMThread [stack: 0x0000000016240000,0x0000000016340000] [id=8044]
  0x000000001665c800 WatcherThread [stack: 0x00000000176a0000,0x00000000177a0000] [id=1612]

VM state:not at safepoint (normal execution)

VM Mutex/Monitor currently owned by a thread: None

Heap:
 PSYoungGen      total 273920K, used 22560K [0x00000000eab00000, 0x00000000ffc80000, 0x0000000100000000)
  eden space 211456K, 7% used [0x00000000eab00000,0x00000000eb9b9240,0x00000000f7980000)
  from space 62464K, 11% used [0x00000000f7980000,0x00000000f80cf1a0,0x00000000fb680000)
  to   space 60416K, 0% used [0x00000000fc180000,0x00000000fc180000,0x00000000ffc80000)
 ParOldGen       total 664064K, used 90462K [0x00000000c0000000, 0x00000000e8880000, 0x00000000eab00000)
  object space 664064K, 13% used [0x00000000c0000000,0x00000000c5857a90,0x00000000e8880000)
 Metaspace       used 168084K, capacity 169391K, committed 169856K, reserved 1191936K
  class space    used 26535K, capacity 26980K, committed 27008K, reserved 1048576K

Card table byte_map: [0x0000000011d80000,0x0000000011f90000] byte_map_base: 0x0000000011780000

Marking Bits: (ParMarkBitMap*) 0x000000007073a6c0
 Begin Bits: [0x0000000012840000, 0x0000000013840000)
 End Bits:   [0x0000000013840000, 0x0000000014840000)

Polling page: 0x0000000000230000

CodeCache: size=245760Kb used=80780Kb max_used=80797Kb free=164979Kb
 bounds [0x00000000029c0000, 0x0000000007920000, 0x00000000119c0000]
 total_blobs=25629 nmethods=24941 adapters=599
 compilation: enabled

Compilation events (10 events):
Event: 722.552 Thread 0x00000000165b4000 30917       3       org.postgresql.core.v3.QueryExecutorImpl::parseQuery (162 bytes)
Event: 722.552 Thread 0x00000000165bc000 30918       4       org.postgresql.core.Parser::parseJdbcSql (645 bytes)
Event: 722.553 Thread 0x00000000165b4000 nmethod 30917 0x0000000003ed4e50 code [0x0000000003ed50a0, 0x0000000003ed6178]
Event: 722.555 Thread 0x00000000165b4000 30919       3       org.postgresql.core.Parser::toIntArray (62 bytes)
Event: 722.556 Thread 0x00000000165b4000 nmethod 30919 0x00000000078f2d90 code [0x00000000078f2f60, 0x00000000078f36f8]
Event: 722.600 Thread 0x00000000165b7800 30920       4       java.lang.Exception::<init> (7 bytes)
Event: 722.603 Thread 0x00000000165b7800 nmethod 30920 0x0000000004fd0ed0 code [0x0000000004fd1040, 0x0000000004fd1408]
Event: 722.608 Thread 0x00000000165b7800 30921       4       java.lang.Throwable::<init> (39 bytes)
Event: 722.611 Thread 0x00000000165b7800 nmethod 30921 0x00000000078f4dd0 code [0x00000000078f4f40, 0x00000000078f52e8]
Event: 722.679 Thread 0x00000000165bc000 nmethod 30918 0x000000000790ad90 code [0x000000000790b200, 0x000000000790e9c8]

GC Heap History (10 events):
Event: 718.320 GC heap before
{Heap before GC invocations=35 (full 8):
 PSYoungGen      total 274944K, used 177571K [0x00000000eab00000, 0x00000000ff880000, 0x0000000100000000)
  eden space 211456K, 78% used [0x00000000eab00000,0x00000000f4ca0cb0,0x00000000f7980000)
  from space 63488K, 19% used [0x00000000fba80000,0x00000000fc6480e0,0x00000000ff880000)
  to   space 65024K, 0% used [0x00000000f7980000,0x00000000f7980000,0x00000000fb900000)
 ParOldGen       total 664064K, used 81908K [0x00000000c0000000, 0x00000000e8880000, 0x00000000eab00000)
  object space 664064K, 12% used [0x00000000c0000000,0x00000000c4ffd378,0x00000000e8880000)
 Metaspace       used 167290K, capacity 168627K, committed 169344K, reserved 1191936K
  class space    used 26474K, capacity 26902K, committed 27008K, reserved 1048576K
Event: 718.355 GC heap after
Heap after GC invocations=35 (full 8):
 PSYoungGen      total 239104K, used 27163K [0x00000000eab00000, 0x00000000ff480000, 0x0000000100000000)
  eden space 211456K, 0% used [0x00000000eab00000,0x00000000eab00000,0x00000000f7980000)
  from space 27648K, 98% used [0x00000000f7980000,0x00000000f9406fc8,0x00000000f9480000)
  to   space 62976K, 0% used [0x00000000fb700000,0x00000000fb700000,0x00000000ff480000)
 ParOldGen       total 664064K, used 81916K [0x00000000c0000000, 0x00000000e8880000, 0x00000000eab00000)
  object space 664064K, 12% used [0x00000000c0000000,0x00000000c4fff378,0x00000000e8880000)
 Metaspace       used 167290K, capacity 168627K, committed 169344K, reserved 1191936K
  class space    used 26474K, capacity 26902K, committed 27008K, reserved 1048576K
}
Event: 718.355 GC heap before
{Heap before GC invocations=36 (full 9):
 PSYoungGen      total 239104K, used 27163K [0x00000000eab00000, 0x00000000ff480000, 0x0000000100000000)
  eden space 211456K, 0% used [0x00000000eab00000,0x00000000eab00000,0x00000000f7980000)
  from space 27648K, 98% used [0x00000000f7980000,0x00000000f9406fc8,0x00000000f9480000)
  to   space 62976K, 0% used [0x00000000fb700000,0x00000000fb700000,0x00000000ff480000)
 ParOldGen       total 664064K, used 81916K [0x00000000c0000000, 0x00000000e8880000, 0x00000000eab00000)
  object space 664064K, 12% used [0x00000000c0000000,0x00000000c4fff378,0x00000000e8880000)
 Metaspace       used 167290K, capacity 168627K, committed 169344K, reserved 1191936K
  class space    used 26474K, capacity 26902K, committed 27008K, reserved 1048576K
Event: 718.777 GC heap after
Heap after GC invocations=36 (full 9):
 PSYoungGen      total 239104K, used 0K [0x00000000eab00000, 0x00000000ff480000, 0x0000000100000000)
  eden space 211456K, 0% used [0x00000000eab00000,0x00000000eab00000,0x00000000f7980000)
  from space 27648K, 0% used [0x00000000f7980000,0x00000000f7980000,0x00000000f9480000)
  to   space 62976K, 0% used [0x00000000fb700000,0x00000000fb700000,0x00000000ff480000)
 ParOldGen       total 664064K, used 97991K [0x00000000c0000000, 0x00000000e8880000, 0x00000000eab00000)
  object space 664064K, 14% used [0x00000000c0000000,0x00000000c5fb1f40,0x00000000e8880000)
 Metaspace       used 166863K, capacity 168123K, committed 169344K, reserved 1191936K
  class space    used 26452K, capacity 26862K, committed 27008K, reserved 1048576K
}
Event: 719.005 GC heap before
{Heap before GC invocations=37 (full 9):
 PSYoungGen      total 239104K, used 2534K [0x00000000eab00000, 0x00000000ff480000, 0x0000000100000000)
  eden space 211456K, 1% used [0x00000000eab00000,0x00000000ead799c0,0x00000000f7980000)
  from space 27648K, 0% used [0x00000000f7980000,0x00000000f7980000,0x00000000f9480000)
  to   space 62976K, 0% used [0x00000000fb700000,0x00000000fb700000,0x00000000ff480000)
 ParOldGen       total 664064K, used 97991K [0x00000000c0000000, 0x00000000e8880000, 0x00000000eab00000)
  object space 664064K, 14% used [0x00000000c0000000,0x00000000c5fb1f40,0x00000000e8880000)
 Metaspace       used 166863K, capacity 168123K, committed 169344K, reserved 1191936K
  class space    used 26452K, capacity 26862K, committed 27008K, reserved 1048576K
Event: 719.010 GC heap after
Heap after GC invocations=37 (full 9):
 PSYoungGen      total 273408K, used 128K [0x00000000eab00000, 0x00000000ff380000, 0x0000000100000000)
  eden space 211456K, 0% used [0x00000000eab00000,0x00000000eab00000,0x00000000f7980000)
  from space 61952K, 0% used [0x00000000fb700000,0x00000000fb720000,0x00000000ff380000)
  to   space 62464K, 0% used [0x00000000f7980000,0x00000000f7980000,0x00000000fb680000)
 ParOldGen       total 664064K, used 97991K [0x00000000c0000000, 0x00000000e8880000, 0x00000000eab00000)
  object space 664064K, 14% used [0x00000000c0000000,0x00000000c5fb1f40,0x00000000e8880000)
 Metaspace       used 166863K, capacity 168123K, committed 169344K, reserved 1191936K
  class space    used 26452K, capacity 26862K, committed 27008K, reserved 1048576K
}
Event: 719.010 GC heap before
{Heap before GC invocations=38 (full 10):
 PSYoungGen      total 273408K, used 128K [0x00000000eab00000, 0x00000000ff380000, 0x0000000100000000)
  eden space 211456K, 0% used [0x00000000eab00000,0x00000000eab00000,0x00000000f7980000)
  from space 61952K, 0% used [0x00000000fb700000,0x00000000fb720000,0x00000000ff380000)
  to   space 62464K, 0% used [0x00000000f7980000,0x00000000f7980000,0x00000000fb680000)
 ParOldGen       total 664064K, used 97991K [0x00000000c0000000, 0x00000000e8880000, 0x00000000eab00000)
  object space 664064K, 14% used [0x00000000c0000000,0x00000000c5fb1f40,0x00000000e8880000)
 Metaspace       used 166863K, capacity 168123K, committed 169344K, reserved 1191936K
  class space    used 26452K, capacity 26862K, committed 27008K, reserved 1048576K
Event: 719.282 GC heap after
Heap after GC invocations=38 (full 10):
 PSYoungGen      total 273408K, used 0K [0x00000000eab00000, 0x00000000ff380000, 0x0000000100000000)
  eden space 211456K, 0% used [0x00000000eab00000,0x00000000eab00000,0x00000000f7980000)
  from space 61952K, 0% used [0x00000000fb700000,0x00000000fb700000,0x00000000ff380000)
  to   space 62464K, 0% used [0x00000000f7980000,0x00000000f7980000,0x00000000fb680000)
 ParOldGen       total 664064K, used 90454K [0x00000000c0000000, 0x00000000e8880000, 0x00000000eab00000)
  object space 664064K, 13% used [0x00000000c0000000,0x00000000c5855a90,0x00000000e8880000)
 Metaspace       used 166863K, capacity 168123K, committed 169344K, reserved 1191936K
  class space    used 26452K, capacity 26862K, committed 27008K, reserved 1048576K
}
Event: 722.138 GC heap before
{Heap before GC invocations=39 (full 10):
 PSYoungGen      total 273408K, used 211456K [0x00000000eab00000, 0x00000000ff380000, 0x0000000100000000)
  eden space 211456K, 100% used [0x00000000eab00000,0x00000000f7980000,0x00000000f7980000)
  from space 61952K, 0% used [0x00000000fb700000,0x00000000fb700000,0x00000000ff380000)
  to   space 62464K, 0% used [0x00000000f7980000,0x00000000f7980000,0x00000000fb680000)
 ParOldGen       total 664064K, used 90454K [0x00000000c0000000, 0x00000000e8880000, 0x00000000eab00000)
  object space 664064K, 13% used [0x00000000c0000000,0x00000000c5855a90,0x00000000e8880000)
 Metaspace       used 167960K, capacity 169263K, committed 169856K, reserved 1191936K
  class space    used 26530K, capacity 26980K, committed 27008K, reserved 1048576K
Event: 722.155 GC heap after
Heap after GC invocations=39 (full 10):
 PSYoungGen      total 273920K, used 7484K [0x00000000eab00000, 0x00000000ffc80000, 0x0000000100000000)
  eden space 211456K, 0% used [0x00000000eab00000,0x00000000eab00000,0x00000000f7980000)
  from space 62464K, 11% used [0x00000000f7980000,0x00000000f80cf1a0,0x00000000fb680000)
  to   space 60416K, 0% used [0x00000000fc180000,0x00000000fc180000,0x00000000ffc80000)
 ParOldGen       total 664064K, used 90462K [0x00000000c0000000, 0x00000000e8880000, 0x00000000eab00000)
  object space 664064K, 13% used [0x00000000c0000000,0x00000000c5857a90,0x00000000e8880000)
 Metaspace       used 167960K, capacity 169263K, committed 169856K, reserved 1191936K
  class space    used 26530K, capacity 26980K, committed 27008K, reserved 1048576K
}

Deoptimization events (10 events):
Event: 109.926 Thread 0x0000000017ef4000 Uncommon trap: reason=unstable_if action=reinterpret pc=0x00000000037ed310 method=java.util.regex.Pattern.<init>(Ljava/lang/String;I)V @ 58
Event: 199.400 Thread 0x0000000017ef3000 Uncommon trap: reason=unstable_if action=reinterpret pc=0x0000000002b707d0 method=sun.nio.cs.UTF_8$Encoder.encode([CII[B)I @ 33
Event: 245.427 Thread 0x000000001c397800 Uncommon trap: reason=unstable_if action=reinterpret pc=0x000000000765c744 method=org.postgresql.core.Parser.parseJdbcSql(Ljava/lang/String;ZZZ)Ljava/util/List; @ 580
Event: 716.313 Thread 0x0000000017ed4800 Uncommon trap: reason=unstable_if action=reinterpret pc=0x000000000461cba4 method=scala.collection.LinearSeqOptimized$class.sameElements(Lscala/collection/LinearSeqOptimized;Lscala/collection/GenIterable;)Z @ 77
Event: 716.341 Thread 0x0000000017ed4800 Uncommon trap: reason=bimorphic action=maybe_recompile pc=0x00000000066dbfb8 method=java.util.HashMap.removeNode(ILjava/lang/Object;Ljava/lang/Object;ZZ)Ljava/util/HashMap$Node; @ 143
Event: 716.479 Thread 0x0000000017ed4800 Uncommon trap: reason=unstable_if action=reinterpret pc=0x00000000065771e4 method=com.sun.tools.javac.util.ArrayUtils.ensureCapacity([CI)[C @ 3
Event: 716.781 Thread 0x0000000017ed4800 Uncommon trap: reason=unstable_if action=reinterpret pc=0x000000000542e740 method=javassist.CtClassType.getDeclaredField2(Ljava/lang/String;Ljava/lang/String;)Ljavassist/CtField; @ 21
Event: 716.781 Thread 0x0000000017ed4800 Uncommon trap: reason=unstable_if action=reinterpret pc=0x0000000007136858 method=javassist.CtClassType.getField2(Ljava/lang/String;Ljava/lang/String;)Ljavassist/CtField; @ 8
Event: 716.782 Thread 0x0000000017ed4800 Uncommon trap: reason=unstable_if action=reinterpret pc=0x0000000006af3048 method=javassist.bytecode.AttributeInfo.read(Ljavassist/bytecode/ConstPool;Ljava/io/DataInputStream;)Ljavassist/bytecode/AttributeInfo; @ 227
Event: 721.151 Thread 0x0000000017ef1800 Uncommon trap: reason=unstable_if action=reinterpret pc=0x0000000006844d04 method=akka.actor.LightArrayRevolverScheduler$$anon$4.nextTick()V @ 142

Internal exceptions (10 events):
Event: 721.108 Thread 0x0000000018ba2800 Exception <a 'java/lang/ArrayIndexOutOfBoundsException': 1> (0x00000000ef64ea80) thrown at [C:\re\workspace\8-2-build-windows-amd64-cygwin\jdk8u111\7883\hotspot\src\share\vm\interpreter\interpreterRuntime.cpp, line 366]
Event: 721.109 Thread 0x0000000018ba2800 Exception <a 'java/lang/ArrayIndexOutOfBoundsException': 1> (0x00000000ef6529d8) thrown at [C:\re\workspace\8-2-build-windows-amd64-cygwin\jdk8u111\7883\hotspot\src\share\vm\interpreter\interpreterRuntime.cpp, line 366]
Event: 721.109 Thread 0x0000000018ba2800 Exception <a 'java/lang/ArrayIndexOutOfBoundsException': 1> (0x00000000ef657118) thrown at [C:\re\workspace\8-2-build-windows-amd64-cygwin\jdk8u111\7883\hotspot\src\share\vm\interpreter\interpreterRuntime.cpp, line 366]
Event: 721.109 Thread 0x0000000018ba2800 Exception <a 'java/lang/ArrayIndexOutOfBoundsException': 1> (0x00000000ef65b430) thrown at [C:\re\workspace\8-2-build-windows-amd64-cygwin\jdk8u111\7883\hotspot\src\share\vm\interpreter\interpreterRuntime.cpp, line 366]
Event: 721.109 Thread 0x0000000018ba2800 Exception <a 'java/lang/ArrayIndexOutOfBoundsException': 1> (0x00000000ef65f0d0) thrown at [C:\re\workspace\8-2-build-windows-amd64-cygwin\jdk8u111\7883\hotspot\src\share\vm\interpreter\interpreterRuntime.cpp, line 366]
Event: 721.109 Thread 0x0000000018ba2800 Exception <a 'java/lang/ArrayIndexOutOfBoundsException': 1> (0x00000000ef662600) thrown at [C:\re\workspace\8-2-build-windows-amd64-cygwin\jdk8u111\7883\hotspot\src\share\vm\interpreter\interpreterRuntime.cpp, line 366]
Event: 721.109 Thread 0x0000000018ba2800 Exception <a 'java/lang/ArrayIndexOutOfBoundsException': 1> (0x00000000ef6672d0) thrown at [C:\re\workspace\8-2-build-windows-amd64-cygwin\jdk8u111\7883\hotspot\src\share\vm\interpreter\interpreterRuntime.cpp, line 366]
Event: 721.109 Thread 0x0000000018ba2800 Exception <a 'java/lang/ArrayIndexOutOfBoundsException': 1> (0x00000000ef66b1b0) thrown at [C:\re\workspace\8-2-build-windows-amd64-cygwin\jdk8u111\7883\hotspot\src\share\vm\interpreter\interpreterRuntime.cpp, line 366]
Event: 721.867 Thread 0x000000001c397800 Exception <a 'java/io/FileNotFoundException'> (0x00000000f6b809a0) thrown at [C:\re\workspace\8-2-build-windows-amd64-cygwin\jdk8u111\7883\hotspot\src\share\vm\prims\jni.cpp, line 709]
Event: 722.005 Thread 0x000000001c397800 Exception <a 'java/lang/reflect/InvocationTargetException'> (0x00000000f6d739d8) thrown at [C:\re\workspace\8-2-build-windows-amd64-cygwin\jdk8u111\7883\hotspot\src\share\vm\runtime\reflection.cpp, line 1092]

Events (10 events):
Event: 726.638 Executing VM operation: GetOrSetLocal done
Event: 727.553 Executing VM operation: EnterInterpOnlyMode
Event: 727.554 Executing nested VM operation: Deoptimize
Event: 727.557 Executing nested VM operation: Deoptimize done
Event: 727.557 Executing VM operation: EnterInterpOnlyMode done
Event: 727.558 Executing VM operation: GetCurrentLocation
Event: 727.559 Executing VM operation: GetCurrentLocation done
Event: 727.559 Executing VM operation: ChangeSingleStep
Event: 727.559 Executing VM operation: ChangeSingleStep done
Event: 727.561 Thread 0x0000000017ef4000 Thread exited: 0x0000000017ef4000


Dynamic libraries:
0x000000013faa0000 - 0x000000013fad7000 	C:\Program Files\Java\jdk1.8.0_111\bin\java.exe
0x0000000077890000 - 0x0000000077a39000 	C:\Windows\SYSTEM32\ntdll.dll
0x0000000077770000 - 0x000000007788f000 	C:\Windows\system32\kernel32.dll
0x000007fefd900000 - 0x000007fefd96c000 	C:\Windows\system32\KERNELBASE.dll
0x000007fefda10000 - 0x000007fefdaeb000 	C:\Windows\system32\ADVAPI32.dll
0x000007feff830000 - 0x000007feff8cf000 	C:\Windows\system32\msvcrt.dll
0x000007feff060000 - 0x000007feff07f000 	C:\Windows\SYSTEM32\sechost.dll
0x000007fefef00000 - 0x000007feff02d000 	C:\Windows\system32\RPCRT4.dll
0x0000000077670000 - 0x000000007776a000 	C:\Windows\system32\USER32.dll
0x000007fefde00000 - 0x000007fefde67000 	C:\Windows\system32\GDI32.dll
0x000007fefecd0000 - 0x000007fefecde000 	C:\Windows\system32\LPK.dll
0x000007fefec00000 - 0x000007fefecc9000 	C:\Windows\system32\USP10.dll
0x000007fefc1e0000 - 0x000007fefc3d4000 	C:\Windows\WinSxS\amd64_microsoft.windows.common-controls_6595b64144ccf1df_6.0.7601.17514_none_fa396087175ac9ac\COMCTL32.dll
0x000007fefdd80000 - 0x000007fefddf1000 	C:\Windows\system32\SHLWAPI.dll
0x000007feff030000 - 0x000007feff05e000 	C:\Windows\system32\IMM32.DLL
0x000007fefdaf0000 - 0x000007fefdbf9000 	C:\Windows\system32\MSCTF.dll
0x0000000050270000 - 0x0000000050342000 	C:\Program Files\Java\jdk1.8.0_111\jre\bin\msvcr100.dll
0x000000006ff20000 - 0x00000000707ba000 	C:\Program Files\Java\jdk1.8.0_111\jre\bin\server\jvm.dll
0x000007fee7850000 - 0x000007fee7859000 	C:\Windows\system32\WSOCK32.dll
0x000007feff400000 - 0x000007feff44d000 	C:\Windows\system32\WS2_32.dll
0x000007fefeef0000 - 0x000007fefeef8000 	C:\Windows\system32\NSI.dll
0x000007fef9650000 - 0x000007fef968b000 	C:\Windows\system32\WINMM.dll
0x000007fefc740000 - 0x000007fefc74c000 	C:\Windows\system32\VERSION.dll
0x0000000077a50000 - 0x0000000077a57000 	C:\Windows\system32\PSAPI.DLL
0x0000000050370000 - 0x000000005037f000 	C:\Program Files\Java\jdk1.8.0_111\jre\bin\verify.dll
0x0000000050240000 - 0x0000000050269000 	C:\Program Files\Java\jdk1.8.0_111\jre\bin\java.dll
0x0000000050200000 - 0x0000000050235000 	C:\Program Files\Java\jdk1.8.0_111\jre\bin\jdwp.dll
0x00000000501f0000 - 0x00000000501f8000 	C:\Program Files\Java\jdk1.8.0_111\jre\bin\npt.dll
0x00000000501d0000 - 0x00000000501e6000 	C:\Program Files\Java\jdk1.8.0_111\jre\bin\zip.dll
0x000007fefde70000 - 0x000007fefebf8000 	C:\Windows\system32\SHELL32.dll
0x000007fefece0000 - 0x000007fefeee3000 	C:\Windows\system32\ole32.dll
0x000007fefd660000 - 0x000007fefd66f000 	C:\Windows\system32\profapi.dll
0x00000000501c0000 - 0x00000000501c9000 	C:\Program Files\Java\jdk1.8.0_111\jre\bin\dt_socket.dll
0x000007fefcda0000 - 0x000007fefcdf5000 	C:\Windows\system32\mswsock.dll
0x000007fefc810000 - 0x000007fefc817000 	C:\Windows\System32\wshtcpip.dll
0x0000000050180000 - 0x000000005019a000 	C:\Program Files\Java\jdk1.8.0_111\jre\bin\net.dll
0x000007fefce40000 - 0x000007fefce47000 	C:\Windows\System32\wship6.dll
0x000007fefb1e0000 - 0x000007fefb1f5000 	C:\Windows\system32\NLAapi.dll
0x000007fee7e50000 - 0x000007fee7e65000 	C:\Windows\system32\napinsp.dll
0x000007fee7e30000 - 0x000007fee7e49000 	C:\Windows\system32\pnrpnsp.dll
0x000007fefcbd0000 - 0x000007fefcc2b000 	C:\Windows\system32\DNSAPI.dll
0x000007fee7e20000 - 0x000007fee7e2b000 	C:\Windows\System32\winrnr.dll
0x000007fefae60000 - 0x000007fefae87000 	C:\Windows\system32\IPHLPAPI.DLL
0x000007fefae50000 - 0x000007fefae5b000 	C:\Windows\system32\WINNSI.DLL
0x000007fefa770000 - 0x000007fefa778000 	C:\Windows\system32\rasadhlp.dll
0x000007fefad10000 - 0x000007fefad63000 	C:\Windows\System32\fwpuclnt.dll
0x00000000501a0000 - 0x00000000501b1000 	C:\Program Files\Java\jdk1.8.0_111\jre\bin\nio.dll
0x000007fefd040000 - 0x000007fefd057000 	C:\Windows\system32\CRYPTSP.dll
0x000007fefcb40000 - 0x000007fefcb87000 	C:\Windows\system32\rsaenh.dll
0x000007fefd8c0000 - 0x000007fefd8de000 	C:\Windows\system32\USERENV.dll
0x000007fefd4b0000 - 0x000007fefd4bf000 	C:\Windows\system32\CRYPTBASE.dll
0x000007fefacf0000 - 0x000007fefad01000 	C:\Windows\system32\dhcpcsvc6.DLL
0x000007fefacc0000 - 0x000007fefacd8000 	C:\Windows\system32\dhcpcsvc.DLL
0x000007fefc1c0000 - 0x000007fefc1ca000 	C:\Users\Lilium\AppData\Local\Temp\jansi-64-1-7345413789593711495.11
0x000007fefd450000 - 0x000007fefd4a7000 	C:\Windows\system32\apphelp.dll
0x000007fef9dc0000 - 0x000007fef9ee5000 	C:\Windows\system32\dbghelp.dll

VM Arguments:
jvm_args: -agentlib:jdwp=transport=dt_socket,address=127.0.0.1:25400,suspend=y,server=n -Dfile.encoding=UTF8 -Djline.terminal=none -Dsbt.log.noformat=true -Dsbt.global.base=C:\Users\Lilium\AppData\Local\Temp\sbt-global-pluginstub -Xms512M -Xmx1024M -Xss1M -XX:+CMSClassUnloadingEnabled -XX:MaxPermSize=256M 
java_command: xsbt.boot.Boot project root run
java_class_path (initial): C:\Users\Lilium\.IntelliJIdea2016.3\config\plugins\Scala\launcher\sbt-launch.jar;C:\Program Files (x86)\JetBrains\IntelliJ IDEA 2016.3.2\lib\idea_rt.jar
Launcher Type: SUN_STANDARD

Environment Variables:
JAVA_HOME=C:\Program Files\Java\jdk1.8.0_20
CLASSPATH=.;C:\Program Files (x86)\Java\jre1.8.0_31\lib\ext\QTJava.zip
USERNAME=Lilium
OS=Windows_NT
PROCESSOR_IDENTIFIER=AMD64 Family 21 Model 16 Stepping 1, AuthenticAMD



---------------  S Y S T E M  ---------------

OS: Windows 7 , 64 bit Build 7601 (6.1.7601.18409)

CPU:total 4 (4 cores per cpu, 1 threads per core) family 21 model 16 stepping 1, cmov, cx8, fxsr, mmx, sse, sse2, sse3, ssse3, sse4.1, sse4.2, popcnt, avx, aes, clmul, mmxext, 3dnowpref, lzcnt, sse4a, tsc, tscinvbit, tscinv, bmi1

Memory: 4k page, physical 8347836k(1054444k free), swap 16693808k(7491584k free)

vm_info: Java HotSpot(TM) 64-Bit Server VM (25.111-b14) for windows-amd64 JRE (1.8.0_111-b14), built on Sep 22 2016 19:24:05 by "java_re" with MS VC++ 10.0 (VS2010)

time: Thu Feb 23 19:18:18 2017
elapsed time: 727 seconds (0d 0h 12m 7s)

